<?xml version="1.0" encoding="UTF-8"?>
<testng-results skipped="0" failed="0" ignored="0" total="6" passed="6">
  <reporter-output>
  </reporter-output>
  <suite name="Suite" duration-ms="78" started-at="2020-03-11T17:09:04Z" finished-at="2020-03-11T17:09:04Z">
    <groups>
    </groups>
    <test name="Test" duration-ms="78" started-at="2020-03-11T17:09:04Z" finished-at="2020-03-11T17:09:04Z">
      <class name="qaclickacademy.AppiumTest">
        <test-method status="PASS" signature="IOSApps()[pri:0, instance:qaclickacademy.AppiumTest@c540f5a]" name="IOSApps" duration-ms="15" started-at="2020-03-11T17:09:04Z" finished-at="2020-03-11T17:09:04Z">
          <reporter-output>
          </reporter-output>
        </test-method> <!-- IOSApps -->
        <test-method status="PASS" signature="NativeAPpAndroid()[pri:0, instance:qaclickacademy.AppiumTest@c540f5a]" name="NativeAPpAndroid" duration-ms="0" started-at="2020-03-11T17:09:04Z" finished-at="2020-03-11T17:09:04Z">
          <reporter-output>
          </reporter-output>
        </test-method> <!-- NativeAPpAndroid -->
      </class> <!-- qaclickacademy.AppiumTest -->
      <class name="qaclickacademy.RESTAPITest">
        <test-method status="PASS" signature="postJira()[pri:0, instance:qaclickacademy.RESTAPITest@1a052a00]" name="postJira" duration-ms="0" started-at="2020-03-11T17:09:04Z" finished-at="2020-03-11T17:09:04Z">
          <reporter-output>
          </reporter-output>
        </test-method> <!-- postJira -->
        <test-method status="PASS" signature="deleteTwitter()[pri:0, instance:qaclickacademy.RESTAPITest@1a052a00]" name="deleteTwitter" duration-ms="0" started-at="2020-03-11T17:09:04Z" finished-at="2020-03-11T17:09:04Z">
          <reporter-output>
          </reporter-output>
        </test-method> <!-- deleteTwitter -->
      </class> <!-- qaclickacademy.RESTAPITest -->
      <class name="qaclickacademy.SeleniumTest">
        <test-method status="PASS" signature="BrowserAUtomation()[pri:0, instance:qaclickacademy.SeleniumTest@770c2e6b]" name="BrowserAUtomation" duration-ms="0" started-at="2020-03-11T17:09:04Z" finished-at="2020-03-11T17:09:04Z">
          <reporter-output>
          </reporter-output>
        </test-method> <!-- BrowserAUtomation -->
        <test-method status="PASS" signature="elementsUi()[pri:0, instance:qaclickacademy.SeleniumTest@770c2e6b]" name="elementsUi" duration-ms="16" started-at="2020-03-11T17:09:04Z" finished-at="2020-03-11T17:09:04Z">
          <reporter-output>
          </reporter-output>
        </test-method> <!-- elementsUi -->
      </class> <!-- qaclickacademy.SeleniumTest -->
    </test> <!-- Test -->
  </suite> <!-- Suite -->
</testng-results>
